#
# There is insufficient memory for the Java Runtime Environment to continue.
# Native memory allocation (mmap) failed to map 1572864 bytes for G1 virtual space
# Possible reasons:
#   The system is out of physical RAM or swap space
#   The process is running with CompressedOops enabled, and the Java Heap may be blocking the growth of the native heap
# Possible solutions:
#   Reduce memory load on the system
#   Increase physical memory or swap space
#   Check if swap backing store is full
#   Decrease Java heap size (-Xmx/-Xms)
#   Decrease number of Java threads
#   Decrease Java thread stack sizes (-Xss)
#   Set larger code cache with -XX:ReservedCodeCacheSize=
#   JVM is running with Unscaled Compressed Oops mode in which the Java heap is
#     placed in the first 4GB address space. The Java Heap base address is the
#     maximum limit for the native heap growth. Please use -XX:HeapBaseMinAddress
#     to set the Java Heap base and to place the Java Heap above 4GB virtual address.
# This output file may be truncated or incomplete.
#
#  Out of Memory Error (./open/src/hotspot/os/windows/os_windows.cpp:3321), pid=60932, tid=46544
#
# JRE version:  (15.0.2+7) (build )
# Java VM: OpenJDK 64-Bit Server VM (15.0.2+7-27, mixed mode, sharing, tiered, compressed oops, g1 gc, windows-amd64)
# No core dump will be written. Minidumps are not enabled by default on client versions of Windows
#

---------------  S U M M A R Y ------------

Command Line: -Dmaven.home=EMBEDDED -Dclassworlds.conf=C:\Users\USUARIO\eclipse-workspace\.metadata\.plugins\org.eclipse.m2e.launching\launches\m2conf11432776183000215032.tmp -Dmaven.multiModuleProjectDirectory=C:\Users\USUARIO\Pictures\Colpatria -Dfile.encoding=Cp1252 -XX:+ShowCodeDetailsInExceptionMessages org.codehaus.plexus.classworlds.launcher.Launcher -Pprueba -B clean install serenity:aggregate

Host: AMD Ryzen 5 3500U with Radeon Vega Mobile Gfx  , 8 cores, 5G,  Windows 10 , 64 bit Build 19041 (10.0.19041.1202)
Time: Wed Sep 29 18:07:23 2021 Hora est. Pacífico, Sudamérica elapsed time: 0.070083 seconds (0d 0h 0m 0s)

---------------  T H R E A D  ---------------

Current thread (0x0000014fc68a7ad0):  JavaThread "Unknown thread" [_thread_in_vm, id=46544, stack(0x000000123fe00000,0x000000123ff00000)]

Stack: [0x000000123fe00000,0x000000123ff00000]
Native frames: (J=compiled Java code, j=interpreted, Vv=VM code, C=native code)
V  [jvm.dll+0x62ae9a]
V  [jvm.dll+0x7817a9]
V  [jvm.dll+0x782f03]
V  [jvm.dll+0x783563]
V  [jvm.dll+0x216325]
V  [jvm.dll+0x6281d9]
V  [jvm.dll+0x61cf55]
V  [jvm.dll+0x2cffdd]
V  [jvm.dll+0x2cfe42]
V  [jvm.dll+0x2d5e1c]
V  [jvm.dll+0x32591d]
V  [jvm.dll+0x324fd4]
V  [jvm.dll+0x2a6f5a]
V  [jvm.dll+0x2a80f8]
V  [jvm.dll+0x75e241]
V  [jvm.dll+0x3341c4]
V  [jvm.dll+0x73e926]
V  [jvm.dll+0x3b7557]
V  [jvm.dll+0x3b8fe1]
C  [jli.dll+0x52fb]
C  [ucrtbase.dll+0x21bb2]
C  [KERNEL32.DLL+0x17034]
C  [ntdll.dll+0x52651]


---------------  P R O C E S S  ---------------

Threads class SMR info:
_java_thread_list=0x00007ff9e7e44ff0, length=0, elements={
}

Java Threads: ( => current thread )

Other Threads:
  0x0000014fc68e0580 GCTaskThread "GC Thread#0" [stack: 0x000000123ff00000,0x0000001240000000] [id=5984]
  0x0000014fc68ee460 ConcurrentGCThread "G1 Main Marker" [stack: 0x0000001240000000,0x0000001240100000] [id=77188]
  0x0000014fc68efa00 ConcurrentGCThread "G1 Conc#0" [stack: 0x0000001240100000,0x0000001240200000] [id=8764]

[error occurred during error reporting (printing all threads), id 0xc0000005, EXCEPTION_ACCESS_VIOLATION (0xc0000005) at pc=0x00007ff9e7637e27]

VM state: not at safepoint (not fully initialized)

VM Mutex/Monitor currently owned by a thread:  ([mutex/lock_event])
[0x0000014fc68a3410] Heap_lock - owner thread: 0x0000014fc68a7ad0

Heap address: 0x00000000a1400000, size: 1516 MB, Compressed Oops mode: 32-bit
CDS archive(s) mapped at: [0x0000000000000000-0x0000000000000000-0x0000000000000000), size 0, SharedBaseAddress: 0x0000000800000000, ArchiveRelocationMode: 0.
Narrow klass base: 0x0000000000000000, Narrow klass shift: 0, Narrow klass range: 0x0

Heap:
 garbage-first heap   total 98304K, used 0K [0x00000000a1400000, 0x0000000100000000)
  region size 1024K, 0 young (0K), 0 survivors (0K)
 Metaspace       used 0K, capacity 0K, committed 0K, reserved 0K
  class space    used 0K, capacity 0K, committed 0K, reserved 0K

Heap Regions: E=young(eden), S=young(survivor), O=old, HS=humongous(starts), HC=humongous(continues), CS=collection set, F=free, OA=open archive, CA=closed archive, TAMS=top-at-mark-start (previous, next)

Card table byte_map: [0x0000014fd98f0000,0x0000014fd9bf0000] _byte_map_base: 0x0000014fd93e6000

Marking Bits (Prev, Next): (CMBitMap*) 0x0000014fc68e1d80, (CMBitMap*) 0x0000014fc68e1dc0
 Prev Bits: [0x0000014fd9ef0000, 0x0000014fdb6a0000)
 Next Bits: [0x0000014fdb6a0000, 0x0000014fdce50000)

GC Heap History (0 events):
No events

Deoptimization events (0 events):
No events

Classes unloaded (0 events):
No events

Classes redefined (0 events):
No events

Internal exceptions (0 events):
No events

Events (1 events):
Event: 0.028 Loaded shared library C:\Users\USUARIO\.p2\pool\plugins\org.eclipse.justj.openjdk.hotspot.jre.full.win32.x86_64_15.0.2.v20210201-0955\jre\bin\java.dll


Dynamic libraries:
0x00007ff771990000 - 0x00007ff77199d000 	C:\Users\USUARIO\.p2\pool\plugins\org.eclipse.justj.openjdk.hotspot.jre.full.win32.x86_64_15.0.2.v20210201-0955\jre\bin\javaw.exe
0x00007ffa37990000 - 0x00007ffa37b85000 	C:\WINDOWS\SYSTEM32\ntdll.dll
0x00007ffa252e0000 - 0x00007ffa252f5000 	C:\Program Files\Avast Software\Avast\aswhook.dll
0x00007ffa37150000 - 0x00007ffa3720e000 	C:\WINDOWS\System32\KERNEL32.DLL
0x00007ffa35560000 - 0x00007ffa35829000 	C:\WINDOWS\System32\KERNELBASE.dll
0x00007ffa352f0000 - 0x00007ffa353f0000 	C:\WINDOWS\System32\ucrtbase.dll
0x00007ffa2eb70000 - 0x00007ffa2eb88000 	C:\Users\USUARIO\.p2\pool\plugins\org.eclipse.justj.openjdk.hotspot.jre.full.win32.x86_64_15.0.2.v20210201-0955\jre\bin\jli.dll
0x00007ffa2eb50000 - 0x00007ffa2eb69000 	C:\Users\USUARIO\.p2\pool\plugins\org.eclipse.justj.openjdk.hotspot.jre.full.win32.x86_64_15.0.2.v20210201-0955\jre\bin\VCRUNTIME140.dll
0x00007ffa35cb0000 - 0x00007ffa35e51000 	C:\WINDOWS\System32\USER32.dll
0x00007ffa35220000 - 0x00007ffa35242000 	C:\WINDOWS\System32\win32u.dll
0x00007ffa37700000 - 0x00007ffa3772b000 	C:\WINDOWS\System32\GDI32.dll
0x00007ffa350b0000 - 0x00007ffa351bb000 	C:\WINDOWS\System32\gdi32full.dll
0x00007ffa1b260000 - 0x00007ffa1b4fa000 	C:\WINDOWS\WinSxS\amd64_microsoft.windows.common-controls_6595b64144ccf1df_6.0.19041.1110_none_60b5254171f9507e\COMCTL32.dll
0x00007ffa35250000 - 0x00007ffa352ed000 	C:\WINDOWS\System32\msvcp_win.dll
0x00007ffa367b0000 - 0x00007ffa3684e000 	C:\WINDOWS\System32\msvcrt.dll
0x00007ffa36850000 - 0x00007ffa36880000 	C:\WINDOWS\System32\IMM32.DLL
0x00007ffa30920000 - 0x00007ffa3092c000 	C:\Users\USUARIO\.p2\pool\plugins\org.eclipse.justj.openjdk.hotspot.jre.full.win32.x86_64_15.0.2.v20210201-0955\jre\bin\vcruntime140_1.dll
0x00007ffa17e30000 - 0x00007ffa17ec1000 	C:\Users\USUARIO\.p2\pool\plugins\org.eclipse.justj.openjdk.hotspot.jre.full.win32.x86_64_15.0.2.v20210201-0955\jre\bin\msvcp140.dll
0x00007ff9e7380000 - 0x00007ff9e7ede000 	C:\Users\USUARIO\.p2\pool\plugins\org.eclipse.justj.openjdk.hotspot.jre.full.win32.x86_64_15.0.2.v20210201-0955\jre\bin\server\jvm.dll
0x00007ffa35c00000 - 0x00007ffa35cac000 	C:\WINDOWS\System32\ADVAPI32.dll
0x00007ffa36890000 - 0x00007ffa3692b000 	C:\WINDOWS\System32\sechost.dll
0x00007ffa37570000 - 0x00007ffa3769a000 	C:\WINDOWS\System32\RPCRT4.dll
0x00007ffa36c60000 - 0x00007ffa36c68000 	C:\WINDOWS\System32\PSAPI.DLL
0x00007ffa1eb90000 - 0x00007ffa1ebb7000 	C:\WINDOWS\SYSTEM32\WINMM.dll
0x00007ffa2f820000 - 0x00007ffa2f82a000 	C:\WINDOWS\SYSTEM32\VERSION.dll
0x00007ffa239b0000 - 0x00007ffa239b9000 	C:\WINDOWS\SYSTEM32\WSOCK32.dll
0x00007ffa378e0000 - 0x00007ffa3794b000 	C:\WINDOWS\System32\WS2_32.dll
0x00007ffa32fb0000 - 0x00007ffa32fc2000 	C:\WINDOWS\SYSTEM32\kernel.appcore.dll
0x00007ffa30460000 - 0x00007ffa3046a000 	C:\Users\USUARIO\.p2\pool\plugins\org.eclipse.justj.openjdk.hotspot.jre.full.win32.x86_64_15.0.2.v20210201-0955\jre\bin\jimage.dll
0x00007ffa274b0000 - 0x00007ffa27694000 	C:\WINDOWS\SYSTEM32\DBGHELP.DLL
0x00007ffa27480000 - 0x00007ffa274ac000 	C:\WINDOWS\SYSTEM32\dbgcore.DLL
0x00007ffa353f0000 - 0x00007ffa35473000 	C:\WINDOWS\System32\bcryptPrimitives.dll
0x00007ffa131a0000 - 0x00007ffa131c5000 	C:\Users\USUARIO\.p2\pool\plugins\org.eclipse.justj.openjdk.hotspot.jre.full.win32.x86_64_15.0.2.v20210201-0955\jre\bin\java.dll

dbghelp: loaded successfully - version: 4.0.5 - missing functions: none
symbol engine: initialized successfully - sym options: 0x614 - pdb path: .;C:\Users\USUARIO\.p2\pool\plugins\org.eclipse.justj.openjdk.hotspot.jre.full.win32.x86_64_15.0.2.v20210201-0955\jre\bin;C:\WINDOWS\SYSTEM32;C:\Program Files\Avast Software\Avast;C:\WINDOWS\WinSxS\amd64_microsoft.windows.common-controls_6595b64144ccf1df_6.0.19041.1110_none_60b5254171f9507e;C:\Users\USUARIO\.p2\pool\plugins\org.eclipse.justj.openjdk.hotspot.jre.full.win32.x86_64_15.0.2.v20210201-0955\jre\bin\server

VM Arguments:
jvm_args: -Dmaven.home=EMBEDDED -Dclassworlds.conf=C:\Users\USUARIO\eclipse-workspace\.metadata\.plugins\org.eclipse.m2e.launching\launches\m2conf11432776183000215032.tmp -Dmaven.multiModuleProjectDirectory=C:\Users\USUARIO\Pictures\Colpatria -Dfile.encoding=Cp1252 -XX:+ShowCodeDetailsInExceptionMessages 
java_command: org.codehaus.plexus.classworlds.launcher.Launcher -Pprueba -B clean install serenity:aggregate
java_class_path (initial): C:\Users\USUARIO\.p2\pool\plugins\org.eclipse.m2e.maven.runtime_1.18.0.20210603-1206\jars\plexus-classworlds-2.6.0.jar
Launcher Type: SUN_STANDARD

[Global flags]
     intx CICompilerCount                          = 4                                         {product} {ergonomic}
     uint ConcGCThreads                            = 2                                         {product} {ergonomic}
     uint G1ConcRefinementThreads                  = 8                                         {product} {ergonomic}
   size_t G1HeapRegionSize                         = 1048576                                   {product} {ergonomic}
    uintx GCDrainStackTargetSize                   = 64                                        {product} {ergonomic}
   size_t InitialHeapSize                          = 100663296                                 {product} {ergonomic}
   size_t MarkStackSize                            = 4194304                                   {product} {ergonomic}
   size_t MaxHeapSize                              = 1589641216                                {product} {ergonomic}
   size_t MinHeapDeltaBytes                        = 1048576                                   {product} {ergonomic}
   size_t MinHeapSize                              = 8388608                                   {product} {ergonomic}
    uintx NonNMethodCodeHeapSize                   = 5839372                                {pd product} {ergonomic}
    uintx NonProfiledCodeHeapSize                  = 122909434                              {pd product} {ergonomic}
    uintx ProfiledCodeHeapSize                     = 122909434                              {pd product} {ergonomic}
    uintx ReservedCodeCacheSize                    = 251658240                              {pd product} {ergonomic}
     bool SegmentedCodeCache                       = true                                      {product} {ergonomic}
     bool ShowCodeDetailsInExceptionMessages       = true                                   {manageable} {command line}
   size_t SoftMaxHeapSize                          = 1589641216                             {manageable} {ergonomic}
     bool UseCompressedClassPointers               = true                                 {lp64_product} {ergonomic}
     bool UseCompressedOops                        = true                                 {lp64_product} {ergonomic}
     bool UseG1GC                                  = true                                      {product} {ergonomic}
     bool UseLargePagesIndividualAllocation        = false                                  {pd product} {ergonomic}

Logging:
Log output configuration:
 #0: stdout all=warning uptime,level,tags
 #1: stderr all=off uptime,level,tags

Environment Variables:
JAVA_HOME=C:\Program Files\Java\jdk1.8.0_291
PATH=C:/Users/USUARIO/.p2/pool/plugins/org.eclipse.justj.openjdk.hotspot.jre.full.win32.x86_64_15.0.2.v20210201-0955/jre/bin/server;C:/Users/USUARIO/.p2/pool/plugins/org.eclipse.justj.openjdk.hotspot.jre.full.win32.x86_64_15.0.2.v20210201-0955/jre/bin;C:\Program Files (x86)\Common Files\Oracle\Java\javapath;C:\WINDOWS\system32;C:\WINDOWS;C:\WINDOWS\System32\Wbem;C:\WINDOWS\System32\WindowsPowerShell\v1.0\;C:\WINDOWS\System32\OpenSSH\;C:\Program Files\TortoiseSVN\bin;C:\Program Files (x86)\Microsoft SQL Server\150\DTS\Binn\;C:\Program Files\Java\jdk1.8.0_291\bin;C:\apache maven 3.8.1\bin;"C:\Users\USUARIO\AppData\Local\Microsoft\WindowsApps;C:\Program Files (x86)\Java\jre1.8.0_281\bin";C:\Users\USUARIO\AppData\Local\Programs\Git\cmd;C:\Users\USUARIO\Desktop;
USERNAME=GreenSQA
OS=Windows_NT
PROCESSOR_IDENTIFIER=AMD64 Family 23 Model 24 Stepping 1, AuthenticAMD



---------------  S Y S T E M  ---------------

OS:
 Windows 10 , 64 bit Build 19041 (10.0.19041.1202)
OS uptime: 12 days 6:33 hours

CPU: total 8 (initial active 8) (8 cores per cpu, 2 threads per core) family 23 model 24 stepping 1 microcode 0x0, cmov, cx8, fxsr, mmx, sse, sse2, sse3, ssse3, sse4.1, sse4.2, popcnt, vzeroupper, avx, avx2, aes, clmul, 3dnowpref, lzcnt, sse4a, ht, tsc, tscinvbit, tscinv, bmi1, bmi2, adx, sha, fma, clflush, clflushopt

Memory: 4k page, system-wide physical 6058M (873M free)
TotalPageFile size 24490M (AvailPageFile size 20M)
current process WorkingSet (physical memory assigned to process): 10M, peak: 10M
current process commit charge ("private bytes"): 156M, peak: 157M

vm_info: OpenJDK 64-Bit Server VM (15.0.2+7-27) for windows-amd64 JRE (15.0.2+7-27), built on Dec  7 2020 20:02:38 by "mach5one" with unknown MS VC++:1925

END.
